2025-09-21 00:03:34 INFO  TC001_AccountRegistrationTest:18 - *******Starting TC01_AccountRegistrationTest***********
2025-09-21 00:03:34 INFO  TC001_AccountRegistrationTest:23 - **Clicked on MyAccount**
2025-09-21 00:03:34 INFO  TC001_AccountRegistrationTest:26 - ****Clicked on Register link****
2025-09-21 00:03:34 INFO  TC001_AccountRegistrationTest:29 - ****Providing customer register details****
2025-09-21 00:03:36 INFO  TC001_AccountRegistrationTest:38 - ****Clicked on confirm button****
2025-09-21 00:03:36 INFO  TC001_AccountRegistrationTest:56 - *******Finished TC01_AccountRegistrationTest***********
2025-09-21 00:11:49 INFO  TC001_AccountRegistrationTest:18 - *******Starting TC01_AccountRegistrationTest***********
2025-09-21 00:11:49 INFO  TC001_AccountRegistrationTest:23 - **Clicked on MyAccount**
2025-09-21 00:11:50 INFO  TC001_AccountRegistrationTest:26 - ****Clicked on Register link****
2025-09-21 00:11:50 INFO  TC001_AccountRegistrationTest:29 - ****Providing customer register details****
2025-09-21 00:11:52 INFO  TC001_AccountRegistrationTest:38 - ****Clicked on confirm button****
2025-09-21 00:11:52 INFO  TC001_AccountRegistrationTest:56 - *******Finished TC01_AccountRegistrationTest***********
2025-09-21 00:11:55 INFO  TC001_AccountRegistrationTest:18 - *******Starting TC01_AccountRegistrationTest***********
2025-09-21 00:11:55 INFO  TC001_AccountRegistrationTest:23 - **Clicked on MyAccount**
2025-09-21 00:11:56 INFO  TC001_AccountRegistrationTest:26 - ****Clicked on Register link****
2025-09-21 00:11:56 INFO  TC001_AccountRegistrationTest:29 - ****Providing customer register details****
2025-09-21 00:11:57 INFO  TC001_AccountRegistrationTest:38 - ****Clicked on confirm button****
2025-09-21 00:11:57 INFO  TC001_AccountRegistrationTest:56 - *******Finished TC01_AccountRegistrationTest***********
2025-09-21 00:11:58 INFO  TC001_AccountRegistrationTest:18 - *******Starting TC01_AccountRegistrationTest***********
2025-09-21 00:14:09 INFO  TC001_AccountRegistrationTest:18 - *******Starting TC01_AccountRegistrationTest***********
2025-09-21 00:14:10 INFO  TC001_AccountRegistrationTest:23 - **Clicked on MyAccount**
2025-09-21 00:14:10 INFO  TC001_AccountRegistrationTest:26 - ****Clicked on Register link****
2025-09-21 00:14:10 INFO  TC001_AccountRegistrationTest:29 - ****Providing customer register details****
2025-09-21 00:14:12 INFO  TC001_AccountRegistrationTest:38 - ****Clicked on confirm button****
2025-09-21 00:14:12 INFO  TC001_AccountRegistrationTest:56 - *******Finished TC01_AccountRegistrationTest***********
2025-09-21 00:14:18 INFO  TC001_AccountRegistrationTest:18 - *******Starting TC01_AccountRegistrationTest***********
2025-09-21 00:14:18 INFO  TC001_AccountRegistrationTest:23 - **Clicked on MyAccount**
2025-09-21 00:14:19 INFO  TC001_AccountRegistrationTest:26 - ****Clicked on Register link****
2025-09-21 00:14:19 INFO  TC001_AccountRegistrationTest:29 - ****Providing customer register details****
2025-09-21 00:14:20 INFO  TC001_AccountRegistrationTest:38 - ****Clicked on confirm button****
2025-09-21 00:14:21 INFO  TC001_AccountRegistrationTest:56 - *******Finished TC01_AccountRegistrationTest***********
2025-09-21 00:14:21 INFO  TC001_AccountRegistrationTest:18 - *******Starting TC01_AccountRegistrationTest***********
2025-09-21 00:15:53 INFO  TC001_AccountRegistrationTest:18 - *******Starting TC01_AccountRegistrationTest***********
2025-09-21 00:15:53 INFO  TC001_AccountRegistrationTest:23 - **Clicked on MyAccount**
2025-09-21 00:15:54 INFO  TC001_AccountRegistrationTest:26 - ****Clicked on Register link****
2025-09-21 00:15:54 INFO  TC001_AccountRegistrationTest:29 - ****Providing customer register details****
2025-09-21 00:15:55 INFO  TC001_AccountRegistrationTest:38 - ****Clicked on confirm button****
2025-09-21 00:15:55 INFO  TC001_AccountRegistrationTest:56 - *******Finished TC01_AccountRegistrationTest***********
2025-09-21 00:15:58 INFO  TC001_AccountRegistrationTest:18 - *******Starting TC01_AccountRegistrationTest***********
2025-09-21 00:15:58 INFO  TC001_AccountRegistrationTest:23 - **Clicked on MyAccount**
2025-09-21 00:15:58 INFO  TC001_AccountRegistrationTest:26 - ****Clicked on Register link****
2025-09-21 00:15:58 INFO  TC001_AccountRegistrationTest:29 - ****Providing customer register details****
2025-09-21 00:16:00 INFO  TC001_AccountRegistrationTest:38 - ****Clicked on confirm button****
2025-09-21 00:16:00 INFO  TC001_AccountRegistrationTest:56 - *******Finished TC01_AccountRegistrationTest***********
2025-09-21 00:16:31 INFO  TC001_AccountRegistrationTest:18 - *******Starting TC01_AccountRegistrationTest***********
2025-09-21 00:18:50 INFO  TC001_AccountRegistrationTest:18 - =================Starting TC01_AccountRegistrationTest=======================
2025-09-21 00:18:50 INFO  TC001_AccountRegistrationTest:23 - ======Clicked on MyAccount======
2025-09-21 00:18:51 INFO  TC001_AccountRegistrationTest:26 - ****Clicked on Register link****
2025-09-21 00:18:51 INFO  TC001_AccountRegistrationTest:29 - ======Providing customer register details======
2025-09-21 00:18:52 INFO  TC001_AccountRegistrationTest:38 - ======Clicked on confirm button======
2025-09-21 00:18:52 INFO  TC001_AccountRegistrationTest:56 - ====================Finished TC01_AccountRegistrationTest====================
2025-09-21 00:18:55 INFO  TC001_AccountRegistrationTest:18 - =================Starting TC01_AccountRegistrationTest=======================
2025-09-21 00:18:55 INFO  TC001_AccountRegistrationTest:23 - ======Clicked on MyAccount======
2025-09-21 00:18:56 INFO  TC001_AccountRegistrationTest:26 - ****Clicked on Register link****
2025-09-21 00:18:56 INFO  TC001_AccountRegistrationTest:29 - ======Providing customer register details======
2025-09-21 00:18:58 INFO  TC001_AccountRegistrationTest:38 - ======Clicked on confirm button======
2025-09-21 00:18:58 INFO  TC001_AccountRegistrationTest:56 - ====================Finished TC01_AccountRegistrationTest====================
2025-09-21 00:19:02 INFO  TC001_AccountRegistrationTest:18 - =================Starting TC01_AccountRegistrationTest=======================
2025-09-21 00:24:40 INFO  TC001_AccountRegistrationTest:18 - =================Starting TC01_AccountRegistrationTest=======================
2025-09-21 00:24:40 INFO  TC001_AccountRegistrationTest:24 - ======Clicked on MyAccount======
2025-09-21 00:24:40 INFO  TC001_AccountRegistrationTest:27 - ****Clicked on Register link****
2025-09-21 00:24:40 INFO  TC001_AccountRegistrationTest:30 - ======Providing customer register details======
2025-09-21 00:24:42 INFO  TC001_AccountRegistrationTest:39 - ======Clicked on confirm button======
2025-09-21 00:24:42 INFO  TC001_AccountRegistrationTest:42 - Confirmation message: Your Account Has Been Created!
2025-09-21 00:24:42 INFO  TC001_AccountRegistrationTest:65 - ====================Finished TC01_AccountRegistrationTest====================
2025-09-21 00:24:44 INFO  TC001_AccountRegistrationTest:18 - =================Starting TC01_AccountRegistrationTest=======================
2025-09-21 00:24:44 INFO  TC001_AccountRegistrationTest:24 - ======Clicked on MyAccount======
2025-09-21 00:24:45 INFO  TC001_AccountRegistrationTest:27 - ****Clicked on Register link****
2025-09-21 00:24:45 INFO  TC001_AccountRegistrationTest:30 - ======Providing customer register details======
2025-09-21 00:24:46 INFO  TC001_AccountRegistrationTest:39 - ======Clicked on confirm button======
2025-09-21 00:24:46 INFO  TC001_AccountRegistrationTest:42 - Confirmation message: Your Account Has Been Created!
2025-09-21 00:24:46 INFO  TC001_AccountRegistrationTest:65 - ====================Finished TC01_AccountRegistrationTest====================
2025-09-21 00:24:50 INFO  TC001_AccountRegistrationTest:18 - =================Starting TC01_AccountRegistrationTest=======================
2025-09-21 00:24:50 ERROR TC001_AccountRegistrationTest:58 - An error occurred during registration process: Unable to locate element: //span[normalize-space()='My Account']
For documentation on this error, please visit: https://www.selenium.dev/documentation/webdriver/troubleshooting/errors#no-such-element-exception
Build info: version: '4.35.0', revision: '1c58e5028b'
System info: os.name: 'Windows 11', os.arch: 'amd64', os.version: '10.0', java.version: '23.0.2'
Driver info: org.openqa.selenium.firefox.FirefoxDriver
Command: [1b3bcac1-e32d-41dc-8ee1-84096c1cfbbb, findElement {using=xpath, value=//span[normalize-space()='My Account']}]
Capabilities {acceptInsecureCerts: true, browserName: firefox, browserVersion: 143.0.1, moz:accessibilityChecks: false, moz:buildID: 20250918214338, moz:geckodriverVersion: 0.36.0, moz:headless: false, moz:platformVersion: 10.0, moz:processID: 4876, moz:profile: C:\Users\VINODR~1\AppData\L..., moz:shutdownTimeout: 60000, moz:webdriverClick: true, moz:windowless: false, pageLoadStrategy: normal, platformName: windows, proxy: Proxy(), setWindowRect: true, strictFileInteractability: false, timeouts: {implicit: 0, pageLoad: 300000, script: 30000}, unhandledPromptBehavior: dismiss and notify, userAgent: Mozilla/5.0 (Windows NT 10....}
Session ID: 1b3bcac1-e32d-41dc-8ee1-84096c1cfbbb
org.openqa.selenium.NoSuchElementException: Unable to locate element: //span[normalize-space()='My Account']
For documentation on this error, please visit: https://www.selenium.dev/documentation/webdriver/troubleshooting/errors#no-such-element-exception
Build info: version: '4.35.0', revision: '1c58e5028b'
System info: os.name: 'Windows 11', os.arch: 'amd64', os.version: '10.0', java.version: '23.0.2'
Driver info: org.openqa.selenium.firefox.FirefoxDriver
Command: [1b3bcac1-e32d-41dc-8ee1-84096c1cfbbb, findElement {using=xpath, value=//span[normalize-space()='My Account']}]
Capabilities {acceptInsecureCerts: true, browserName: firefox, browserVersion: 143.0.1, moz:accessibilityChecks: false, moz:buildID: 20250918214338, moz:geckodriverVersion: 0.36.0, moz:headless: false, moz:platformVersion: 10.0, moz:processID: 4876, moz:profile: C:\Users\VINODR~1\AppData\L..., moz:shutdownTimeout: 60000, moz:webdriverClick: true, moz:windowless: false, pageLoadStrategy: normal, platformName: windows, proxy: Proxy(), setWindowRect: true, strictFileInteractability: false, timeouts: {implicit: 0, pageLoad: 300000, script: 30000}, unhandledPromptBehavior: dismiss and notify, userAgent: Mozilla/5.0 (Windows NT 10....}
Session ID: 1b3bcac1-e32d-41dc-8ee1-84096c1cfbbb
	at java.base/jdk.internal.reflect.DirectConstructorHandleAccessor.newInstance(DirectConstructorHandleAccessor.java:62)
	at java.base/java.lang.reflect.Constructor.newInstanceWithCaller(Constructor.java:501)
	at java.base/java.lang.reflect.Constructor.newInstance(Constructor.java:485)
	at org.openqa.selenium.remote.ErrorCodec.decode(ErrorCodec.java:167)
	at org.openqa.selenium.remote.codec.w3c.W3CHttpResponseCodec.decode(W3CHttpResponseCodec.java:138)
	at org.openqa.selenium.remote.codec.w3c.W3CHttpResponseCodec.decode(W3CHttpResponseCodec.java:50)
	at org.openqa.selenium.remote.HttpCommandExecutor.execute(HttpCommandExecutor.java:215)
	at org.openqa.selenium.remote.service.DriverCommandExecutor.invokeExecute(DriverCommandExecutor.java:216)
	at org.openqa.selenium.remote.service.DriverCommandExecutor.execute(DriverCommandExecutor.java:174)
	at org.openqa.selenium.remote.RemoteWebDriver.execute(RemoteWebDriver.java:557)
	at org.openqa.selenium.remote.ElementLocation$ElementFinder$2.findElement(ElementLocation.java:165)
	at org.openqa.selenium.remote.ElementLocation.findElement(ElementLocation.java:59)
	at org.openqa.selenium.remote.RemoteWebDriver.findElement(RemoteWebDriver.java:380)
	at org.openqa.selenium.remote.RemoteWebDriver.findElement(RemoteWebDriver.java:374)
	at org.openqa.selenium.support.pagefactory.DefaultElementLocator.findElement(DefaultElementLocator.java:68)
	at org.openqa.selenium.support.pagefactory.internal.LocatingElementHandler.invoke(LocatingElementHandler.java:38)
	at jdk.proxy2/jdk.proxy2.$Proxy30.click(Unknown Source)
	at pageObjects.HomePage.clickmyaccount(HomePage.java:21)
	at testCases.TC001_AccountRegistrationTest.registration(TC001_AccountRegistrationTest.java:23)
	at java.base/jdk.internal.reflect.DirectMethodHandleAccessor.invoke(DirectMethodHandleAccessor.java:103)
	at java.base/java.lang.reflect.Method.invoke(Method.java:580)
	at org.testng.internal.invokers.MethodInvocationHelper.invokeMethod(MethodInvocationHelper.java:141)
	at org.testng.internal.invokers.TestInvoker.invokeMethod(TestInvoker.java:687)
	at org.testng.internal.invokers.TestInvoker.invokeTestMethod(TestInvoker.java:230)
	at org.testng.internal.invokers.MethodRunner.runInSequence(MethodRunner.java:63)
	at org.testng.internal.invokers.TestInvoker$MethodInvocationAgent.invoke(TestInvoker.java:995)
	at org.testng.internal.invokers.TestInvoker.invokeTestMethods(TestInvoker.java:203)
	at org.testng.internal.invokers.TestMethodWorker.invokeTestMethods(TestMethodWorker.java:154)
	at org.testng.internal.invokers.TestMethodWorker.run(TestMethodWorker.java:134)
	at java.base/java.util.ArrayList.forEach(ArrayList.java:1597)
	at org.testng.TestRunner.privateRun(TestRunner.java:741)
	at org.testng.TestRunner.run(TestRunner.java:616)
	at org.testng.SuiteRunner.runTest(SuiteRunner.java:421)
	at org.testng.SuiteRunner.runSequentially(SuiteRunner.java:413)
	at org.testng.SuiteRunner.privateRun(SuiteRunner.java:373)
	at org.testng.SuiteRunner.run(SuiteRunner.java:312)
	at org.testng.SuiteRunnerWorker.runSuite(SuiteRunnerWorker.java:52)
	at org.testng.SuiteRunnerWorker.run(SuiteRunnerWorker.java:95)
	at org.testng.TestNG.runSuitesSequentially(TestNG.java:1274)
	at org.testng.TestNG.runSuitesLocally(TestNG.java:1208)
	at org.testng.TestNG.runSuites(TestNG.java:1112)
	at org.testng.TestNG.run(TestNG.java:1079)
	at org.testng.remote.AbstractRemoteTestNG.run(AbstractRemoteTestNG.java:115)
	at org.testng.remote.RemoteTestNG.initAndRun(RemoteTestNG.java:293)
	at org.testng.remote.RemoteTestNG.main(RemoteTestNG.java:91)
2025-09-21 00:24:50 INFO  TC001_AccountRegistrationTest:65 - ====================Finished TC01_AccountRegistrationTest====================
2025-09-21 00:26:17 INFO  TC001_AccountRegistrationTest:18 - =================Starting TC01_AccountRegistrationTest=======================
2025-09-21 00:26:20 INFO  TC001_AccountRegistrationTest:25 - ======Clicked on MyAccount======
2025-09-21 00:26:21 INFO  TC001_AccountRegistrationTest:28 - ======Clicked on Register link======
2025-09-21 00:26:21 INFO  TC001_AccountRegistrationTest:31 - ======Providing customer register details======
2025-09-21 00:26:23 INFO  TC001_AccountRegistrationTest:40 - ======Clicked on confirm button======
2025-09-21 00:26:23 INFO  TC001_AccountRegistrationTest:43 - Confirmation message: Your Account Has Been Created!
2025-09-21 00:26:23 INFO  TC001_AccountRegistrationTest:66 - ====================Finished TC01_AccountRegistrationTest====================
2025-09-21 00:26:25 INFO  TC001_AccountRegistrationTest:18 - =================Starting TC01_AccountRegistrationTest=======================
2025-09-21 00:26:28 INFO  TC001_AccountRegistrationTest:25 - ======Clicked on MyAccount======
2025-09-21 00:26:29 INFO  TC001_AccountRegistrationTest:28 - ======Clicked on Register link======
2025-09-21 00:26:29 INFO  TC001_AccountRegistrationTest:31 - ======Providing customer register details======
2025-09-21 00:26:30 INFO  TC001_AccountRegistrationTest:40 - ======Clicked on confirm button======
2025-09-21 00:26:30 INFO  TC001_AccountRegistrationTest:43 - Confirmation message: Your Account Has Been Created!
2025-09-21 00:26:30 INFO  TC001_AccountRegistrationTest:66 - ====================Finished TC01_AccountRegistrationTest====================
2025-09-21 00:26:34 INFO  TC001_AccountRegistrationTest:18 - =================Starting TC01_AccountRegistrationTest=======================
2025-09-21 00:26:37 ERROR TC001_AccountRegistrationTest:59 - An error occurred during registration process: Unable to locate element: //span[normalize-space()='My Account']
For documentation on this error, please visit: https://www.selenium.dev/documentation/webdriver/troubleshooting/errors#no-such-element-exception
Build info: version: '4.35.0', revision: '1c58e5028b'
System info: os.name: 'Windows 11', os.arch: 'amd64', os.version: '10.0', java.version: '23.0.2'
Driver info: org.openqa.selenium.firefox.FirefoxDriver
Command: [3b2d90ed-3acd-449d-8dbf-5d627c7ce1bd, findElement {value=//span[normalize-space()='My Account'], using=xpath}]
Capabilities {acceptInsecureCerts: true, browserName: firefox, browserVersion: 143.0.1, moz:accessibilityChecks: false, moz:buildID: 20250918214338, moz:geckodriverVersion: 0.36.0, moz:headless: false, moz:platformVersion: 10.0, moz:processID: 17784, moz:profile: C:\Users\VINODR~1\AppData\L..., moz:shutdownTimeout: 60000, moz:webdriverClick: true, moz:windowless: false, pageLoadStrategy: normal, platformName: windows, proxy: Proxy(), setWindowRect: true, strictFileInteractability: false, timeouts: {implicit: 0, pageLoad: 300000, script: 30000}, unhandledPromptBehavior: dismiss and notify, userAgent: Mozilla/5.0 (Windows NT 10....}
Session ID: 3b2d90ed-3acd-449d-8dbf-5d627c7ce1bd
org.openqa.selenium.NoSuchElementException: Unable to locate element: //span[normalize-space()='My Account']
For documentation on this error, please visit: https://www.selenium.dev/documentation/webdriver/troubleshooting/errors#no-such-element-exception
Build info: version: '4.35.0', revision: '1c58e5028b'
System info: os.name: 'Windows 11', os.arch: 'amd64', os.version: '10.0', java.version: '23.0.2'
Driver info: org.openqa.selenium.firefox.FirefoxDriver
Command: [3b2d90ed-3acd-449d-8dbf-5d627c7ce1bd, findElement {value=//span[normalize-space()='My Account'], using=xpath}]
Capabilities {acceptInsecureCerts: true, browserName: firefox, browserVersion: 143.0.1, moz:accessibilityChecks: false, moz:buildID: 20250918214338, moz:geckodriverVersion: 0.36.0, moz:headless: false, moz:platformVersion: 10.0, moz:processID: 17784, moz:profile: C:\Users\VINODR~1\AppData\L..., moz:shutdownTimeout: 60000, moz:webdriverClick: true, moz:windowless: false, pageLoadStrategy: normal, platformName: windows, proxy: Proxy(), setWindowRect: true, strictFileInteractability: false, timeouts: {implicit: 0, pageLoad: 300000, script: 30000}, unhandledPromptBehavior: dismiss and notify, userAgent: Mozilla/5.0 (Windows NT 10....}
Session ID: 3b2d90ed-3acd-449d-8dbf-5d627c7ce1bd
	at java.base/jdk.internal.reflect.DirectConstructorHandleAccessor.newInstance(DirectConstructorHandleAccessor.java:62)
	at java.base/java.lang.reflect.Constructor.newInstanceWithCaller(Constructor.java:501)
	at java.base/java.lang.reflect.Constructor.newInstance(Constructor.java:485)
	at org.openqa.selenium.remote.ErrorCodec.decode(ErrorCodec.java:167)
	at org.openqa.selenium.remote.codec.w3c.W3CHttpResponseCodec.decode(W3CHttpResponseCodec.java:138)
	at org.openqa.selenium.remote.codec.w3c.W3CHttpResponseCodec.decode(W3CHttpResponseCodec.java:50)
	at org.openqa.selenium.remote.HttpCommandExecutor.execute(HttpCommandExecutor.java:215)
	at org.openqa.selenium.remote.service.DriverCommandExecutor.invokeExecute(DriverCommandExecutor.java:216)
	at org.openqa.selenium.remote.service.DriverCommandExecutor.execute(DriverCommandExecutor.java:174)
	at org.openqa.selenium.remote.RemoteWebDriver.execute(RemoteWebDriver.java:557)
	at org.openqa.selenium.remote.ElementLocation$ElementFinder$2.findElement(ElementLocation.java:165)
	at org.openqa.selenium.remote.ElementLocation.findElement(ElementLocation.java:59)
	at org.openqa.selenium.remote.RemoteWebDriver.findElement(RemoteWebDriver.java:380)
	at org.openqa.selenium.remote.RemoteWebDriver.findElement(RemoteWebDriver.java:374)
	at org.openqa.selenium.support.pagefactory.DefaultElementLocator.findElement(DefaultElementLocator.java:68)
	at org.openqa.selenium.support.pagefactory.internal.LocatingElementHandler.invoke(LocatingElementHandler.java:38)
	at jdk.proxy2/jdk.proxy2.$Proxy30.click(Unknown Source)
	at pageObjects.HomePage.clickmyaccount(HomePage.java:21)
	at testCases.TC001_AccountRegistrationTest.registration(TC001_AccountRegistrationTest.java:24)
	at java.base/jdk.internal.reflect.DirectMethodHandleAccessor.invoke(DirectMethodHandleAccessor.java:103)
	at java.base/java.lang.reflect.Method.invoke(Method.java:580)
	at org.testng.internal.invokers.MethodInvocationHelper.invokeMethod(MethodInvocationHelper.java:141)
	at org.testng.internal.invokers.TestInvoker.invokeMethod(TestInvoker.java:687)
	at org.testng.internal.invokers.TestInvoker.invokeTestMethod(TestInvoker.java:230)
	at org.testng.internal.invokers.MethodRunner.runInSequence(MethodRunner.java:63)
	at org.testng.internal.invokers.TestInvoker$MethodInvocationAgent.invoke(TestInvoker.java:995)
	at org.testng.internal.invokers.TestInvoker.invokeTestMethods(TestInvoker.java:203)
	at org.testng.internal.invokers.TestMethodWorker.invokeTestMethods(TestMethodWorker.java:154)
	at org.testng.internal.invokers.TestMethodWorker.run(TestMethodWorker.java:134)
	at java.base/java.util.ArrayList.forEach(ArrayList.java:1597)
	at org.testng.TestRunner.privateRun(TestRunner.java:741)
	at org.testng.TestRunner.run(TestRunner.java:616)
	at org.testng.SuiteRunner.runTest(SuiteRunner.java:421)
	at org.testng.SuiteRunner.runSequentially(SuiteRunner.java:413)
	at org.testng.SuiteRunner.privateRun(SuiteRunner.java:373)
	at org.testng.SuiteRunner.run(SuiteRunner.java:312)
	at org.testng.SuiteRunnerWorker.runSuite(SuiteRunnerWorker.java:52)
	at org.testng.SuiteRunnerWorker.run(SuiteRunnerWorker.java:95)
	at org.testng.TestNG.runSuitesSequentially(TestNG.java:1274)
	at org.testng.TestNG.runSuitesLocally(TestNG.java:1208)
	at org.testng.TestNG.runSuites(TestNG.java:1112)
	at org.testng.TestNG.run(TestNG.java:1079)
	at org.testng.remote.AbstractRemoteTestNG.run(AbstractRemoteTestNG.java:115)
	at org.testng.remote.RemoteTestNG.initAndRun(RemoteTestNG.java:293)
	at org.testng.remote.RemoteTestNG.main(RemoteTestNG.java:91)
2025-09-21 00:26:37 INFO  TC001_AccountRegistrationTest:66 - ====================Finished TC01_AccountRegistrationTest====================
2025-09-21 01:51:49 INFO  TC002_LoginTest:17 - ============Starting TC_002_LoginTest==============
2025-09-21 01:51:50 INFO  TC002_LoginTest:24 - ============Clicked on login button in home page==============
2025-09-21 01:54:33 INFO  TC002_LoginTest:17 - ============Starting TC_002_LoginTest==============
2025-09-21 01:54:34 INFO  TC002_LoginTest:24 - ============Clicked on login button in home page==============
2025-09-21 02:00:26 INFO  TC002_LoginTest:17 - ============Starting TC_002_LoginTest==============
2025-09-21 02:00:27 INFO  TC002_LoginTest:24 - ============Clicked on login button in home page==============
2025-09-21 02:03:36 INFO  TC002_LoginTest:17 - ============Starting TC_002_LoginTest==============
2025-09-21 02:03:36 INFO  TC002_LoginTest:24 - ============Clicked on login button in home page==============
2025-09-21 02:05:05 INFO  TC002_LoginTest:17 - ============Starting TC_002_LoginTest==============
2025-09-21 02:05:05 INFO  TC002_LoginTest:24 - ============Clicked on login button in home page==============
2025-09-21 02:06:22 INFO  TC002_LoginTest:17 - ============Starting TC_002_LoginTest==============
2025-09-21 02:06:22 INFO  TC002_LoginTest:24 - ============Clicked on login button in home page==============
2025-09-21 02:08:58 INFO  TC002_LoginTest:17 - ============Starting TC_002_LoginTest==============
2025-09-21 02:08:59 INFO  TC002_LoginTest:24 - ============Clicked on login button in home page==============
2025-09-21 02:10:15 INFO  TC002_LoginTest:17 - ============Starting TC_002_LoginTest==============
2025-09-21 02:10:15 INFO  TC002_LoginTest:24 - ============Clicked on login button in home page==============
2025-09-21 02:10:16 INFO  TC002_LoginTest:30 - ============Clicked on login==============
2025-09-21 02:10:16 INFO  TC002_LoginTest:43 - ============Finished TC_002_LoginTest==============
2025-09-21 15:14:58 DEBUG PackageRelationshipCollection:307 - Parsing relationship: /xl/_rels/workbook.xml.rels
2025-09-21 15:14:58 DEBUG PackageRelationshipCollection:307 - Parsing relationship: /xl/worksheets/_rels/sheet1.xml.rels
2025-09-21 15:14:58 DEBUG PackageRelationshipCollection:307 - Parsing relationship: /_rels/.rels
2025-09-21 15:14:58 DEBUG POIXMLFactory:65 - using default POIXMLDocumentPart for http://schemas.openxmlformats.org/officeDocument/2006/relationships/printerSettings
2025-09-21 15:14:58 DEBUG PackageRelationshipCollection:307 - Parsing relationship: /xl/_rels/workbook.xml.rels
2025-09-21 15:14:58 DEBUG PackageRelationshipCollection:307 - Parsing relationship: /xl/worksheets/_rels/sheet1.xml.rels
2025-09-21 15:14:58 DEBUG PackageRelationshipCollection:307 - Parsing relationship: /_rels/.rels
2025-09-21 15:14:58 DEBUG POIXMLFactory:65 - using default POIXMLDocumentPart for http://schemas.openxmlformats.org/officeDocument/2006/relationships/printerSettings
2025-09-21 15:14:58 DEBUG PackageRelationshipCollection:307 - Parsing relationship: /xl/_rels/workbook.xml.rels
2025-09-21 15:14:58 DEBUG PackageRelationshipCollection:307 - Parsing relationship: /xl/worksheets/_rels/sheet1.xml.rels
2025-09-21 15:14:58 DEBUG PackageRelationshipCollection:307 - Parsing relationship: /_rels/.rels
2025-09-21 15:14:58 DEBUG POIXMLFactory:65 - using default POIXMLDocumentPart for http://schemas.openxmlformats.org/officeDocument/2006/relationships/printerSettings
2025-09-21 15:14:58 DEBUG PackageRelationshipCollection:307 - Parsing relationship: /xl/_rels/workbook.xml.rels
2025-09-21 15:14:58 DEBUG PackageRelationshipCollection:307 - Parsing relationship: /xl/worksheets/_rels/sheet1.xml.rels
2025-09-21 15:14:58 DEBUG PackageRelationshipCollection:307 - Parsing relationship: /_rels/.rels
2025-09-21 15:14:58 DEBUG POIXMLFactory:65 - using default POIXMLDocumentPart for http://schemas.openxmlformats.org/officeDocument/2006/relationships/printerSettings
2025-09-21 15:14:58 DEBUG PackageRelationshipCollection:307 - Parsing relationship: /xl/_rels/workbook.xml.rels
2025-09-21 15:14:58 DEBUG PackageRelationshipCollection:307 - Parsing relationship: /xl/worksheets/_rels/sheet1.xml.rels
2025-09-21 15:14:58 DEBUG PackageRelationshipCollection:307 - Parsing relationship: /_rels/.rels
2025-09-21 15:14:59 DEBUG POIXMLFactory:65 - using default POIXMLDocumentPart for http://schemas.openxmlformats.org/officeDocument/2006/relationships/printerSettings
2025-09-21 15:14:59 DEBUG PackageRelationshipCollection:307 - Parsing relationship: /xl/_rels/workbook.xml.rels
2025-09-21 15:14:59 DEBUG PackageRelationshipCollection:307 - Parsing relationship: /xl/worksheets/_rels/sheet1.xml.rels
2025-09-21 15:14:59 DEBUG PackageRelationshipCollection:307 - Parsing relationship: /_rels/.rels
2025-09-21 15:14:59 DEBUG POIXMLFactory:65 - using default POIXMLDocumentPart for http://schemas.openxmlformats.org/officeDocument/2006/relationships/printerSettings
2025-09-21 15:14:59 DEBUG PackageRelationshipCollection:307 - Parsing relationship: /xl/_rels/workbook.xml.rels
2025-09-21 15:14:59 DEBUG PackageRelationshipCollection:307 - Parsing relationship: /xl/worksheets/_rels/sheet1.xml.rels
2025-09-21 15:14:59 DEBUG PackageRelationshipCollection:307 - Parsing relationship: /_rels/.rels
2025-09-21 15:14:59 DEBUG POIXMLFactory:65 - using default POIXMLDocumentPart for http://schemas.openxmlformats.org/officeDocument/2006/relationships/printerSettings
2025-09-21 15:14:59 DEBUG PackageRelationshipCollection:307 - Parsing relationship: /xl/_rels/workbook.xml.rels
2025-09-21 15:14:59 DEBUG PackageRelationshipCollection:307 - Parsing relationship: /xl/worksheets/_rels/sheet1.xml.rels
2025-09-21 15:14:59 DEBUG PackageRelationshipCollection:307 - Parsing relationship: /_rels/.rels
2025-09-21 15:14:59 DEBUG POIXMLFactory:65 - using default POIXMLDocumentPart for http://schemas.openxmlformats.org/officeDocument/2006/relationships/printerSettings
2025-09-21 15:14:59 DEBUG PackageRelationshipCollection:307 - Parsing relationship: /xl/_rels/workbook.xml.rels
2025-09-21 15:14:59 DEBUG PackageRelationshipCollection:307 - Parsing relationship: /xl/worksheets/_rels/sheet1.xml.rels
2025-09-21 15:14:59 DEBUG PackageRelationshipCollection:307 - Parsing relationship: /_rels/.rels
2025-09-21 15:14:59 DEBUG POIXMLFactory:65 - using default POIXMLDocumentPart for http://schemas.openxmlformats.org/officeDocument/2006/relationships/printerSettings
2025-09-21 15:14:59 DEBUG PackageRelationshipCollection:307 - Parsing relationship: /xl/_rels/workbook.xml.rels
2025-09-21 15:14:59 DEBUG PackageRelationshipCollection:307 - Parsing relationship: /xl/worksheets/_rels/sheet1.xml.rels
2025-09-21 15:14:59 DEBUG PackageRelationshipCollection:307 - Parsing relationship: /_rels/.rels
2025-09-21 15:14:59 DEBUG POIXMLFactory:65 - using default POIXMLDocumentPart for http://schemas.openxmlformats.org/officeDocument/2006/relationships/printerSettings
2025-09-21 15:14:59 DEBUG PackageRelationshipCollection:307 - Parsing relationship: /xl/_rels/workbook.xml.rels
2025-09-21 15:14:59 DEBUG PackageRelationshipCollection:307 - Parsing relationship: /xl/worksheets/_rels/sheet1.xml.rels
2025-09-21 15:14:59 DEBUG PackageRelationshipCollection:307 - Parsing relationship: /_rels/.rels
2025-09-21 15:14:59 DEBUG POIXMLFactory:65 - using default POIXMLDocumentPart for http://schemas.openxmlformats.org/officeDocument/2006/relationships/printerSettings
2025-09-21 15:14:59 DEBUG PackageRelationshipCollection:307 - Parsing relationship: /xl/_rels/workbook.xml.rels
2025-09-21 15:14:59 DEBUG PackageRelationshipCollection:307 - Parsing relationship: /xl/worksheets/_rels/sheet1.xml.rels
2025-09-21 15:14:59 DEBUG PackageRelationshipCollection:307 - Parsing relationship: /_rels/.rels
2025-09-21 15:14:59 DEBUG POIXMLFactory:65 - using default POIXMLDocumentPart for http://schemas.openxmlformats.org/officeDocument/2006/relationships/printerSettings
2025-09-21 15:14:59 DEBUG PackageRelationshipCollection:307 - Parsing relationship: /xl/_rels/workbook.xml.rels
2025-09-21 15:14:59 DEBUG PackageRelationshipCollection:307 - Parsing relationship: /xl/worksheets/_rels/sheet1.xml.rels
2025-09-21 15:14:59 DEBUG PackageRelationshipCollection:307 - Parsing relationship: /_rels/.rels
2025-09-21 15:14:59 DEBUG POIXMLFactory:65 - using default POIXMLDocumentPart for http://schemas.openxmlformats.org/officeDocument/2006/relationships/printerSettings
2025-09-21 15:14:59 DEBUG PackageRelationshipCollection:307 - Parsing relationship: /xl/_rels/workbook.xml.rels
2025-09-21 15:14:59 DEBUG PackageRelationshipCollection:307 - Parsing relationship: /xl/worksheets/_rels/sheet1.xml.rels
2025-09-21 15:14:59 DEBUG PackageRelationshipCollection:307 - Parsing relationship: /_rels/.rels
2025-09-21 15:14:59 DEBUG POIXMLFactory:65 - using default POIXMLDocumentPart for http://schemas.openxmlformats.org/officeDocument/2006/relationships/printerSettings
2025-09-21 15:14:59 INFO  TC003_LoginTesttDDT:21 - ==========Starting TC03_LoginTestDDT=============
2025-09-21 15:15:10 INFO  TC003_LoginTesttDDT:79 - ==========Ending TC03_LoginTestDDT=============
2025-09-21 15:15:11 INFO  TC003_LoginTesttDDT:21 - ==========Starting TC03_LoginTestDDT=============
2025-09-21 15:15:22 INFO  TC003_LoginTesttDDT:79 - ==========Ending TC03_LoginTestDDT=============
2025-09-21 15:15:22 INFO  TC003_LoginTesttDDT:21 - ==========Starting TC03_LoginTestDDT=============
2025-09-21 15:15:34 INFO  TC003_LoginTesttDDT:79 - ==========Ending TC03_LoginTestDDT=============
2025-09-21 15:15:34 INFO  TC003_LoginTesttDDT:21 - ==========Starting TC03_LoginTestDDT=============
2025-09-21 15:15:36 INFO  TC003_LoginTesttDDT:79 - ==========Ending TC03_LoginTestDDT=============
2025-09-21 17:46:32 DEBUG PackageRelationshipCollection:307 - Parsing relationship: /xl/_rels/workbook.xml.rels
2025-09-21 17:46:32 DEBUG PackageRelationshipCollection:307 - Parsing relationship: /xl/worksheets/_rels/sheet1.xml.rels
2025-09-21 17:46:32 DEBUG PackageRelationshipCollection:307 - Parsing relationship: /_rels/.rels
2025-09-21 17:46:32 DEBUG POIXMLFactory:65 - using default POIXMLDocumentPart for http://schemas.openxmlformats.org/officeDocument/2006/relationships/printerSettings
2025-09-21 17:46:32 DEBUG PackageRelationshipCollection:307 - Parsing relationship: /xl/_rels/workbook.xml.rels
2025-09-21 17:46:32 DEBUG PackageRelationshipCollection:307 - Parsing relationship: /xl/worksheets/_rels/sheet1.xml.rels
2025-09-21 17:46:32 DEBUG PackageRelationshipCollection:307 - Parsing relationship: /_rels/.rels
2025-09-21 17:46:32 DEBUG POIXMLFactory:65 - using default POIXMLDocumentPart for http://schemas.openxmlformats.org/officeDocument/2006/relationships/printerSettings
2025-09-21 17:46:32 DEBUG PackageRelationshipCollection:307 - Parsing relationship: /xl/_rels/workbook.xml.rels
2025-09-21 17:46:32 DEBUG PackageRelationshipCollection:307 - Parsing relationship: /xl/worksheets/_rels/sheet1.xml.rels
2025-09-21 17:46:32 DEBUG PackageRelationshipCollection:307 - Parsing relationship: /_rels/.rels
2025-09-21 17:46:32 DEBUG POIXMLFactory:65 - using default POIXMLDocumentPart for http://schemas.openxmlformats.org/officeDocument/2006/relationships/printerSettings
2025-09-21 17:46:32 DEBUG PackageRelationshipCollection:307 - Parsing relationship: /xl/_rels/workbook.xml.rels
2025-09-21 17:46:32 DEBUG PackageRelationshipCollection:307 - Parsing relationship: /xl/worksheets/_rels/sheet1.xml.rels
2025-09-21 17:46:32 DEBUG PackageRelationshipCollection:307 - Parsing relationship: /_rels/.rels
2025-09-21 17:46:32 DEBUG POIXMLFactory:65 - using default POIXMLDocumentPart for http://schemas.openxmlformats.org/officeDocument/2006/relationships/printerSettings
2025-09-21 17:46:32 DEBUG PackageRelationshipCollection:307 - Parsing relationship: /xl/_rels/workbook.xml.rels
2025-09-21 17:46:32 DEBUG PackageRelationshipCollection:307 - Parsing relationship: /xl/worksheets/_rels/sheet1.xml.rels
2025-09-21 17:46:32 DEBUG PackageRelationshipCollection:307 - Parsing relationship: /_rels/.rels
2025-09-21 17:46:32 DEBUG POIXMLFactory:65 - using default POIXMLDocumentPart for http://schemas.openxmlformats.org/officeDocument/2006/relationships/printerSettings
2025-09-21 17:46:32 DEBUG PackageRelationshipCollection:307 - Parsing relationship: /xl/_rels/workbook.xml.rels
2025-09-21 17:46:32 DEBUG PackageRelationshipCollection:307 - Parsing relationship: /xl/worksheets/_rels/sheet1.xml.rels
2025-09-21 17:46:32 DEBUG PackageRelationshipCollection:307 - Parsing relationship: /_rels/.rels
2025-09-21 17:46:32 DEBUG POIXMLFactory:65 - using default POIXMLDocumentPart for http://schemas.openxmlformats.org/officeDocument/2006/relationships/printerSettings
2025-09-21 17:46:32 DEBUG PackageRelationshipCollection:307 - Parsing relationship: /xl/_rels/workbook.xml.rels
2025-09-21 17:46:32 DEBUG PackageRelationshipCollection:307 - Parsing relationship: /xl/worksheets/_rels/sheet1.xml.rels
2025-09-21 17:46:32 DEBUG PackageRelationshipCollection:307 - Parsing relationship: /_rels/.rels
2025-09-21 17:46:32 DEBUG POIXMLFactory:65 - using default POIXMLDocumentPart for http://schemas.openxmlformats.org/officeDocument/2006/relationships/printerSettings
2025-09-21 17:46:32 DEBUG PackageRelationshipCollection:307 - Parsing relationship: /xl/_rels/workbook.xml.rels
2025-09-21 17:46:32 DEBUG PackageRelationshipCollection:307 - Parsing relationship: /xl/worksheets/_rels/sheet1.xml.rels
2025-09-21 17:46:32 DEBUG PackageRelationshipCollection:307 - Parsing relationship: /_rels/.rels
2025-09-21 17:46:32 DEBUG POIXMLFactory:65 - using default POIXMLDocumentPart for http://schemas.openxmlformats.org/officeDocument/2006/relationships/printerSettings
2025-09-21 17:46:32 DEBUG PackageRelationshipCollection:307 - Parsing relationship: /xl/_rels/workbook.xml.rels
2025-09-21 17:46:32 DEBUG PackageRelationshipCollection:307 - Parsing relationship: /xl/worksheets/_rels/sheet1.xml.rels
2025-09-21 17:46:32 DEBUG PackageRelationshipCollection:307 - Parsing relationship: /_rels/.rels
2025-09-21 17:46:32 DEBUG POIXMLFactory:65 - using default POIXMLDocumentPart for http://schemas.openxmlformats.org/officeDocument/2006/relationships/printerSettings
2025-09-21 17:46:32 DEBUG PackageRelationshipCollection:307 - Parsing relationship: /xl/_rels/workbook.xml.rels
2025-09-21 17:46:32 DEBUG PackageRelationshipCollection:307 - Parsing relationship: /xl/worksheets/_rels/sheet1.xml.rels
2025-09-21 17:46:32 DEBUG PackageRelationshipCollection:307 - Parsing relationship: /_rels/.rels
2025-09-21 17:46:32 DEBUG POIXMLFactory:65 - using default POIXMLDocumentPart for http://schemas.openxmlformats.org/officeDocument/2006/relationships/printerSettings
2025-09-21 17:46:32 DEBUG PackageRelationshipCollection:307 - Parsing relationship: /xl/_rels/workbook.xml.rels
2025-09-21 17:46:32 DEBUG PackageRelationshipCollection:307 - Parsing relationship: /xl/worksheets/_rels/sheet1.xml.rels
2025-09-21 17:46:32 DEBUG PackageRelationshipCollection:307 - Parsing relationship: /_rels/.rels
2025-09-21 17:46:32 DEBUG POIXMLFactory:65 - using default POIXMLDocumentPart for http://schemas.openxmlformats.org/officeDocument/2006/relationships/printerSettings
2025-09-21 17:46:32 DEBUG PackageRelationshipCollection:307 - Parsing relationship: /xl/_rels/workbook.xml.rels
2025-09-21 17:46:32 DEBUG PackageRelationshipCollection:307 - Parsing relationship: /xl/worksheets/_rels/sheet1.xml.rels
2025-09-21 17:46:32 DEBUG PackageRelationshipCollection:307 - Parsing relationship: /_rels/.rels
2025-09-21 17:46:32 DEBUG POIXMLFactory:65 - using default POIXMLDocumentPart for http://schemas.openxmlformats.org/officeDocument/2006/relationships/printerSettings
2025-09-21 17:46:32 DEBUG PackageRelationshipCollection:307 - Parsing relationship: /xl/_rels/workbook.xml.rels
2025-09-21 17:46:32 DEBUG PackageRelationshipCollection:307 - Parsing relationship: /xl/worksheets/_rels/sheet1.xml.rels
2025-09-21 17:46:32 DEBUG PackageRelationshipCollection:307 - Parsing relationship: /_rels/.rels
2025-09-21 17:46:32 DEBUG POIXMLFactory:65 - using default POIXMLDocumentPart for http://schemas.openxmlformats.org/officeDocument/2006/relationships/printerSettings
2025-09-21 17:46:32 DEBUG PackageRelationshipCollection:307 - Parsing relationship: /xl/_rels/workbook.xml.rels
2025-09-21 17:46:32 DEBUG PackageRelationshipCollection:307 - Parsing relationship: /xl/worksheets/_rels/sheet1.xml.rels
2025-09-21 17:46:32 DEBUG PackageRelationshipCollection:307 - Parsing relationship: /_rels/.rels
2025-09-21 17:46:32 DEBUG POIXMLFactory:65 - using default POIXMLDocumentPart for http://schemas.openxmlformats.org/officeDocument/2006/relationships/printerSettings
2025-09-21 18:03:48 INFO  TC002_LoginTest:17 - ============Starting TC_002_LoginTest==============
2025-09-21 18:03:49 INFO  TC002_LoginTest:24 - ============Clicked on login button in home page==============
2025-09-21 18:03:49 INFO  TC002_LoginTest:30 - ============Clicked on login==============
2025-09-21 18:03:50 INFO  TC002_LoginTest:43 - ============Finished TC_002_LoginTest==============
2025-09-21 18:03:53 INFO  TC001_AccountRegistrationTest:18 - =================Starting TC01_AccountRegistrationTest=======================
2025-09-21 18:03:56 INFO  TC001_AccountRegistrationTest:25 - ======Clicked on MyAccount======
2025-09-21 18:03:57 INFO  TC001_AccountRegistrationTest:28 - ======Clicked on Register link======
2025-09-21 18:03:57 INFO  TC001_AccountRegistrationTest:31 - ======Providing customer register details======
2025-09-21 18:03:59 INFO  TC001_AccountRegistrationTest:40 - ======Clicked on confirm button======
2025-09-21 18:03:59 INFO  TC001_AccountRegistrationTest:43 - Confirmation message: Your Account Has Been Created!
2025-09-21 18:03:59 INFO  TC001_AccountRegistrationTest:66 - ====================Finished TC01_AccountRegistrationTest====================
2025-09-21 18:05:32 INFO  TC002_LoginTest:17 - ============Starting TC_002_LoginTest==============
2025-09-21 18:05:32 INFO  TC002_LoginTest:24 - ============Clicked on login button in home page==============
2025-09-21 18:05:34 INFO  TC002_LoginTest:30 - ============Clicked on login==============
2025-09-21 18:05:34 INFO  TC002_LoginTest:43 - ============Finished TC_002_LoginTest==============
2025-09-21 19:59:56 INFO  TC002_LoginTest:17 - ============Starting TC_002_LoginTest==============
2025-09-21 19:59:56 INFO  TC002_LoginTest:24 - ============Clicked on login button in home page==============
2025-09-21 19:59:57 INFO  TC002_LoginTest:30 - ============Clicked on login==============
2025-09-21 19:59:57 INFO  TC002_LoginTest:43 - ============Finished TC_002_LoginTest==============
2025-09-21 20:00:00 INFO  TC001_AccountRegistrationTest:18 - =================Starting TC01_AccountRegistrationTest=======================
2025-09-21 20:00:03 INFO  TC001_AccountRegistrationTest:25 - ======Clicked on MyAccount======
2025-09-21 20:00:05 INFO  TC001_AccountRegistrationTest:28 - ======Clicked on Register link======
2025-09-21 20:00:05 INFO  TC001_AccountRegistrationTest:31 - ======Providing customer register details======
2025-09-21 20:00:05 INFO  TC001_AccountRegistrationTest:40 - ======Clicked on confirm button======
2025-09-21 20:00:08 INFO  TC001_AccountRegistrationTest:43 - Confirmation message: Your Account Has Been Created!
2025-09-21 20:00:08 INFO  TC001_AccountRegistrationTest:66 - ====================Finished TC01_AccountRegistrationTest====================
2025-09-21 20:07:20 INFO  TC002_LoginTest:17 - ============Starting TC_002_LoginTest==============
2025-09-21 20:07:20 INFO  TC002_LoginTest:24 - ============Clicked on login button in home page==============
2025-09-21 20:07:21 INFO  TC002_LoginTest:30 - ============Clicked on login==============
2025-09-21 20:07:22 INFO  TC002_LoginTest:43 - ============Finished TC_002_LoginTest==============
2025-09-21 20:07:24 INFO  TC001_AccountRegistrationTest:18 - =================Starting TC01_AccountRegistrationTest=======================
2025-09-21 20:07:27 INFO  TC001_AccountRegistrationTest:25 - ======Clicked on MyAccount======
2025-09-21 20:07:28 INFO  TC001_AccountRegistrationTest:28 - ======Clicked on Register link======
2025-09-21 20:07:28 INFO  TC001_AccountRegistrationTest:31 - ======Providing customer register details======
2025-09-21 20:07:29 INFO  TC001_AccountRegistrationTest:40 - ======Clicked on confirm button======
2025-09-21 20:07:39 ERROR TC001_AccountRegistrationTest:59 - An error occurred during registration process: no such element: Unable to locate element: {"method":"xpath","selector":"//h1[normalize-space()='Your Account Has Been Created!']"}
  (Session info: MicrosoftEdge=140.0.3485.81)
For documentation on this error, please visit: https://www.selenium.dev/documentation/webdriver/troubleshooting/errors#no-such-element-exception
Build info: version: '4.35.0', revision: '1c58e5028b'
System info: os.name: 'Windows 11', os.arch: 'amd64', os.version: '10.0', java.version: '23.0.2'
Driver info: org.openqa.selenium.edge.EdgeDriver
Command: [e56adbafa410ea8ffa5f6df6fe20801d, findElement {value=//h1[normalize-space()='Your Account Has Been Created!'], using=xpath}]
Capabilities {acceptInsecureCerts: false, browserName: MicrosoftEdge, browserVersion: 140.0.3485.81, fedcm:accounts: true, ms:edgeOptions: {debuggerAddress: localhost:65428}, msedge: {msedgedriverVersion: 140.0.3485.81 (5f3674d4b466..., userDataDir: C:\Users\VINODR~1\AppData\L...}, networkConnectionEnabled: false, pageLoadStrategy: normal, platformName: windows, proxy: Proxy(), se:cdp: ws://localhost:65428/devtoo..., se:cdpVersion: 140.0.3485.81, setWindowRect: true, strictFileInteractability: false, timeouts: {implicit: 0, pageLoad: 300000, script: 30000}, unhandledPromptBehavior: dismiss and notify, webauthn:extension:credBlob: true, webauthn:extension:largeBlob: true, webauthn:extension:minPinLength: true, webauthn:extension:prf: true, webauthn:virtualAuthenticators: true}
Session ID: e56adbafa410ea8ffa5f6df6fe20801d
org.openqa.selenium.NoSuchElementException: no such element: Unable to locate element: {"method":"xpath","selector":"//h1[normalize-space()='Your Account Has Been Created!']"}
  (Session info: MicrosoftEdge=140.0.3485.81)
For documentation on this error, please visit: https://www.selenium.dev/documentation/webdriver/troubleshooting/errors#no-such-element-exception
Build info: version: '4.35.0', revision: '1c58e5028b'
System info: os.name: 'Windows 11', os.arch: 'amd64', os.version: '10.0', java.version: '23.0.2'
Driver info: org.openqa.selenium.edge.EdgeDriver
Command: [e56adbafa410ea8ffa5f6df6fe20801d, findElement {value=//h1[normalize-space()='Your Account Has Been Created!'], using=xpath}]
Capabilities {acceptInsecureCerts: false, browserName: MicrosoftEdge, browserVersion: 140.0.3485.81, fedcm:accounts: true, ms:edgeOptions: {debuggerAddress: localhost:65428}, msedge: {msedgedriverVersion: 140.0.3485.81 (5f3674d4b466..., userDataDir: C:\Users\VINODR~1\AppData\L...}, networkConnectionEnabled: false, pageLoadStrategy: normal, platformName: windows, proxy: Proxy(), se:cdp: ws://localhost:65428/devtoo..., se:cdpVersion: 140.0.3485.81, setWindowRect: true, strictFileInteractability: false, timeouts: {implicit: 0, pageLoad: 300000, script: 30000}, unhandledPromptBehavior: dismiss and notify, webauthn:extension:credBlob: true, webauthn:extension:largeBlob: true, webauthn:extension:minPinLength: true, webauthn:extension:prf: true, webauthn:virtualAuthenticators: true}
Session ID: e56adbafa410ea8ffa5f6df6fe20801d
	at java.base/jdk.internal.reflect.DirectConstructorHandleAccessor.newInstance(DirectConstructorHandleAccessor.java:62)
	at java.base/java.lang.reflect.Constructor.newInstanceWithCaller(Constructor.java:501)
	at java.base/java.lang.reflect.Constructor.newInstance(Constructor.java:485)
	at org.openqa.selenium.remote.ErrorCodec.decode(ErrorCodec.java:167)
	at org.openqa.selenium.remote.codec.w3c.W3CHttpResponseCodec.decode(W3CHttpResponseCodec.java:138)
	at org.openqa.selenium.remote.codec.w3c.W3CHttpResponseCodec.decode(W3CHttpResponseCodec.java:50)
	at org.openqa.selenium.remote.HttpCommandExecutor.execute(HttpCommandExecutor.java:215)
	at org.openqa.selenium.remote.service.DriverCommandExecutor.invokeExecute(DriverCommandExecutor.java:216)
	at org.openqa.selenium.remote.service.DriverCommandExecutor.execute(DriverCommandExecutor.java:174)
	at org.openqa.selenium.remote.RemoteWebDriver.execute(RemoteWebDriver.java:557)
	at org.openqa.selenium.remote.ElementLocation$ElementFinder$2.findElement(ElementLocation.java:165)
	at org.openqa.selenium.remote.ElementLocation.findElement(ElementLocation.java:59)
	at org.openqa.selenium.remote.RemoteWebDriver.findElement(RemoteWebDriver.java:380)
	at org.openqa.selenium.remote.RemoteWebDriver.findElement(RemoteWebDriver.java:374)
	at org.openqa.selenium.support.pagefactory.DefaultElementLocator.findElement(DefaultElementLocator.java:68)
	at org.openqa.selenium.support.pagefactory.internal.LocatingElementHandler.invoke(LocatingElementHandler.java:38)
	at jdk.proxy2/jdk.proxy2.$Proxy31.getText(Unknown Source)
	at pageObjects.RegisterPage.confirmsg(RegisterPage.java:84)
	at testCases.TC001_AccountRegistrationTest.registration(TC001_AccountRegistrationTest.java:42)
	at java.base/jdk.internal.reflect.DirectMethodHandleAccessor.invoke(DirectMethodHandleAccessor.java:103)
	at java.base/java.lang.reflect.Method.invoke(Method.java:580)
	at org.testng.internal.invokers.MethodInvocationHelper.invokeMethod(MethodInvocationHelper.java:141)
	at org.testng.internal.invokers.TestInvoker.invokeMethod(TestInvoker.java:687)
	at org.testng.internal.invokers.TestInvoker.invokeTestMethod(TestInvoker.java:230)
	at org.testng.internal.invokers.MethodRunner.runInSequence(MethodRunner.java:63)
	at org.testng.internal.invokers.TestInvoker$MethodInvocationAgent.invoke(TestInvoker.java:995)
	at org.testng.internal.invokers.TestInvoker.invokeTestMethods(TestInvoker.java:203)
	at org.testng.internal.invokers.TestMethodWorker.invokeTestMethods(TestMethodWorker.java:154)
	at org.testng.internal.invokers.TestMethodWorker.run(TestMethodWorker.java:134)
	at java.base/java.util.ArrayList.forEach(ArrayList.java:1597)
	at org.testng.TestRunner.privateRun(TestRunner.java:741)
	at org.testng.TestRunner.run(TestRunner.java:616)
	at org.testng.SuiteRunner.runTest(SuiteRunner.java:421)
	at org.testng.SuiteRunner.runSequentially(SuiteRunner.java:413)
	at org.testng.SuiteRunner.privateRun(SuiteRunner.java:373)
	at org.testng.SuiteRunner.run(SuiteRunner.java:312)
	at org.testng.SuiteRunnerWorker.runSuite(SuiteRunnerWorker.java:52)
	at org.testng.SuiteRunnerWorker.run(SuiteRunnerWorker.java:95)
	at org.testng.TestNG.runSuitesSequentially(TestNG.java:1274)
	at org.testng.TestNG.runSuitesLocally(TestNG.java:1208)
	at org.testng.TestNG.runSuites(TestNG.java:1112)
	at org.testng.TestNG.run(TestNG.java:1079)
	at org.testng.remote.AbstractRemoteTestNG.run(AbstractRemoteTestNG.java:115)
	at org.testng.remote.RemoteTestNG.initAndRun(RemoteTestNG.java:293)
	at org.testng.remote.RemoteTestNG.main(RemoteTestNG.java:91)
2025-09-21 20:07:39 INFO  TC001_AccountRegistrationTest:66 - ====================Finished TC01_AccountRegistrationTest====================
2025-09-21 20:12:46 INFO  TC002_LoginTest:17 - ============Starting TC_002_LoginTest==============
2025-09-21 20:12:47 INFO  TC002_LoginTest:24 - ============Clicked on login button in home page==============
2025-09-21 20:12:47 INFO  TC002_LoginTest:30 - ============Clicked on login==============
2025-09-21 20:12:48 INFO  TC002_LoginTest:43 - ============Finished TC_002_LoginTest==============
2025-09-21 20:12:50 INFO  TC001_AccountRegistrationTest:18 - =================Starting TC01_AccountRegistrationTest=======================
2025-09-21 20:12:53 INFO  TC001_AccountRegistrationTest:25 - ======Clicked on MyAccount======
2025-09-21 20:12:54 INFO  TC001_AccountRegistrationTest:28 - ======Clicked on Register link======
2025-09-21 20:12:54 INFO  TC001_AccountRegistrationTest:31 - ======Providing customer register details======
2025-09-21 20:12:55 INFO  TC001_AccountRegistrationTest:40 - ======Clicked on confirm button======
2025-09-21 20:13:05 ERROR TC001_AccountRegistrationTest:59 - An error occurred during registration process: no such element: Unable to locate element: {"method":"xpath","selector":"//h1[normalize-space()='Your Account Has Been Created!']"}
  (Session info: MicrosoftEdge=140.0.3485.81)
For documentation on this error, please visit: https://www.selenium.dev/documentation/webdriver/troubleshooting/errors#no-such-element-exception
Build info: version: '4.35.0', revision: '1c58e5028b'
System info: os.name: 'Windows 11', os.arch: 'amd64', os.version: '10.0', java.version: '23.0.2'
Driver info: org.openqa.selenium.edge.EdgeDriver
Command: [706885a23d962b48801047e32221c897, findElement {using=xpath, value=//h1[normalize-space()='Your Account Has Been Created!']}]
Capabilities {acceptInsecureCerts: false, browserName: MicrosoftEdge, browserVersion: 140.0.3485.81, fedcm:accounts: true, ms:edgeOptions: {debuggerAddress: localhost:54705}, msedge: {msedgedriverVersion: 140.0.3485.81 (5f3674d4b466..., userDataDir: C:\Users\VINODR~1\AppData\L...}, networkConnectionEnabled: false, pageLoadStrategy: normal, platformName: windows, proxy: Proxy(), se:cdp: ws://localhost:54705/devtoo..., se:cdpVersion: 140.0.3485.81, setWindowRect: true, strictFileInteractability: false, timeouts: {implicit: 0, pageLoad: 300000, script: 30000}, unhandledPromptBehavior: dismiss and notify, webauthn:extension:credBlob: true, webauthn:extension:largeBlob: true, webauthn:extension:minPinLength: true, webauthn:extension:prf: true, webauthn:virtualAuthenticators: true}
Session ID: 706885a23d962b48801047e32221c897
org.openqa.selenium.NoSuchElementException: no such element: Unable to locate element: {"method":"xpath","selector":"//h1[normalize-space()='Your Account Has Been Created!']"}
  (Session info: MicrosoftEdge=140.0.3485.81)
For documentation on this error, please visit: https://www.selenium.dev/documentation/webdriver/troubleshooting/errors#no-such-element-exception
Build info: version: '4.35.0', revision: '1c58e5028b'
System info: os.name: 'Windows 11', os.arch: 'amd64', os.version: '10.0', java.version: '23.0.2'
Driver info: org.openqa.selenium.edge.EdgeDriver
Command: [706885a23d962b48801047e32221c897, findElement {using=xpath, value=//h1[normalize-space()='Your Account Has Been Created!']}]
Capabilities {acceptInsecureCerts: false, browserName: MicrosoftEdge, browserVersion: 140.0.3485.81, fedcm:accounts: true, ms:edgeOptions: {debuggerAddress: localhost:54705}, msedge: {msedgedriverVersion: 140.0.3485.81 (5f3674d4b466..., userDataDir: C:\Users\VINODR~1\AppData\L...}, networkConnectionEnabled: false, pageLoadStrategy: normal, platformName: windows, proxy: Proxy(), se:cdp: ws://localhost:54705/devtoo..., se:cdpVersion: 140.0.3485.81, setWindowRect: true, strictFileInteractability: false, timeouts: {implicit: 0, pageLoad: 300000, script: 30000}, unhandledPromptBehavior: dismiss and notify, webauthn:extension:credBlob: true, webauthn:extension:largeBlob: true, webauthn:extension:minPinLength: true, webauthn:extension:prf: true, webauthn:virtualAuthenticators: true}
Session ID: 706885a23d962b48801047e32221c897
	at java.base/jdk.internal.reflect.DirectConstructorHandleAccessor.newInstance(DirectConstructorHandleAccessor.java:62)
	at java.base/java.lang.reflect.Constructor.newInstanceWithCaller(Constructor.java:501)
	at java.base/java.lang.reflect.Constructor.newInstance(Constructor.java:485)
	at org.openqa.selenium.remote.ErrorCodec.decode(ErrorCodec.java:167)
	at org.openqa.selenium.remote.codec.w3c.W3CHttpResponseCodec.decode(W3CHttpResponseCodec.java:138)
	at org.openqa.selenium.remote.codec.w3c.W3CHttpResponseCodec.decode(W3CHttpResponseCodec.java:50)
	at org.openqa.selenium.remote.HttpCommandExecutor.execute(HttpCommandExecutor.java:215)
	at org.openqa.selenium.remote.service.DriverCommandExecutor.invokeExecute(DriverCommandExecutor.java:216)
	at org.openqa.selenium.remote.service.DriverCommandExecutor.execute(DriverCommandExecutor.java:174)
	at org.openqa.selenium.remote.RemoteWebDriver.execute(RemoteWebDriver.java:557)
	at org.openqa.selenium.remote.ElementLocation$ElementFinder$2.findElement(ElementLocation.java:165)
	at org.openqa.selenium.remote.ElementLocation.findElement(ElementLocation.java:59)
	at org.openqa.selenium.remote.RemoteWebDriver.findElement(RemoteWebDriver.java:380)
	at org.openqa.selenium.remote.RemoteWebDriver.findElement(RemoteWebDriver.java:374)
	at org.openqa.selenium.support.pagefactory.DefaultElementLocator.findElement(DefaultElementLocator.java:68)
	at org.openqa.selenium.support.pagefactory.internal.LocatingElementHandler.invoke(LocatingElementHandler.java:38)
	at jdk.proxy2/jdk.proxy2.$Proxy31.getText(Unknown Source)
	at pageObjects.RegisterPage.confirmsg(RegisterPage.java:84)
	at testCases.TC001_AccountRegistrationTest.registration(TC001_AccountRegistrationTest.java:42)
	at java.base/jdk.internal.reflect.DirectMethodHandleAccessor.invoke(DirectMethodHandleAccessor.java:103)
	at java.base/java.lang.reflect.Method.invoke(Method.java:580)
	at org.testng.internal.invokers.MethodInvocationHelper.invokeMethod(MethodInvocationHelper.java:141)
	at org.testng.internal.invokers.TestInvoker.invokeMethod(TestInvoker.java:687)
	at org.testng.internal.invokers.TestInvoker.invokeTestMethod(TestInvoker.java:230)
	at org.testng.internal.invokers.MethodRunner.runInSequence(MethodRunner.java:63)
	at org.testng.internal.invokers.TestInvoker$MethodInvocationAgent.invoke(TestInvoker.java:995)
	at org.testng.internal.invokers.TestInvoker.invokeTestMethods(TestInvoker.java:203)
	at org.testng.internal.invokers.TestMethodWorker.invokeTestMethods(TestMethodWorker.java:154)
	at org.testng.internal.invokers.TestMethodWorker.run(TestMethodWorker.java:134)
	at java.base/java.util.ArrayList.forEach(ArrayList.java:1597)
	at org.testng.TestRunner.privateRun(TestRunner.java:741)
	at org.testng.TestRunner.run(TestRunner.java:616)
	at org.testng.SuiteRunner.runTest(SuiteRunner.java:421)
	at org.testng.SuiteRunner.runSequentially(SuiteRunner.java:413)
	at org.testng.SuiteRunner.privateRun(SuiteRunner.java:373)
	at org.testng.SuiteRunner.run(SuiteRunner.java:312)
	at org.testng.SuiteRunnerWorker.runSuite(SuiteRunnerWorker.java:52)
	at org.testng.SuiteRunnerWorker.run(SuiteRunnerWorker.java:95)
	at org.testng.TestNG.runSuitesSequentially(TestNG.java:1274)
	at org.testng.TestNG.runSuitesLocally(TestNG.java:1208)
	at org.testng.TestNG.runSuites(TestNG.java:1112)
	at org.testng.TestNG.run(TestNG.java:1079)
	at org.testng.remote.AbstractRemoteTestNG.run(AbstractRemoteTestNG.java:115)
	at org.testng.remote.RemoteTestNG.initAndRun(RemoteTestNG.java:293)
	at org.testng.remote.RemoteTestNG.main(RemoteTestNG.java:91)
2025-09-21 20:13:05 INFO  TC001_AccountRegistrationTest:66 - ====================Finished TC01_AccountRegistrationTest====================
2025-09-21 20:14:12 INFO  TC002_LoginTest:17 - ============Starting TC_002_LoginTest==============
2025-09-21 20:14:12 INFO  TC002_LoginTest:24 - ============Clicked on login button in home page==============
2025-09-21 20:14:13 INFO  TC002_LoginTest:30 - ============Clicked on login==============
2025-09-21 20:14:26 INFO  TC001_AccountRegistrationTest:18 - =================Starting TC01_AccountRegistrationTest=======================
2025-09-21 20:14:29 INFO  TC001_AccountRegistrationTest:25 - ======Clicked on MyAccount======
2025-09-21 20:14:29 INFO  TC001_AccountRegistrationTest:28 - ======Clicked on Register link======
2025-09-21 20:14:29 INFO  TC001_AccountRegistrationTest:31 - ======Providing customer register details======
2025-09-21 20:14:31 INFO  TC001_AccountRegistrationTest:40 - ======Clicked on confirm button======
2025-09-21 20:14:41 ERROR TC001_AccountRegistrationTest:59 - An error occurred during registration process: no such element: Unable to locate element: {"method":"xpath","selector":"//h1[normalize-space()='Your Account Has Been Created!']"}
  (Session info: MicrosoftEdge=140.0.3485.81)
For documentation on this error, please visit: https://www.selenium.dev/documentation/webdriver/troubleshooting/errors#no-such-element-exception
Build info: version: '4.35.0', revision: '1c58e5028b'
System info: os.name: 'Windows 11', os.arch: 'amd64', os.version: '10.0', java.version: '23.0.2'
Driver info: org.openqa.selenium.edge.EdgeDriver
Command: [b2cee88971655afab45ee290d57ab999, findElement {using=xpath, value=//h1[normalize-space()='Your Account Has Been Created!']}]
Capabilities {acceptInsecureCerts: false, browserName: MicrosoftEdge, browserVersion: 140.0.3485.81, fedcm:accounts: true, ms:edgeOptions: {debuggerAddress: localhost:63756}, msedge: {msedgedriverVersion: 140.0.3485.81 (5f3674d4b466..., userDataDir: C:\Users\VINODR~1\AppData\L...}, networkConnectionEnabled: false, pageLoadStrategy: normal, platformName: windows, proxy: Proxy(), se:cdp: ws://localhost:63756/devtoo..., se:cdpVersion: 140.0.3485.81, setWindowRect: true, strictFileInteractability: false, timeouts: {implicit: 0, pageLoad: 300000, script: 30000}, unhandledPromptBehavior: dismiss and notify, webauthn:extension:credBlob: true, webauthn:extension:largeBlob: true, webauthn:extension:minPinLength: true, webauthn:extension:prf: true, webauthn:virtualAuthenticators: true}
Session ID: b2cee88971655afab45ee290d57ab999
org.openqa.selenium.NoSuchElementException: no such element: Unable to locate element: {"method":"xpath","selector":"//h1[normalize-space()='Your Account Has Been Created!']"}
  (Session info: MicrosoftEdge=140.0.3485.81)
For documentation on this error, please visit: https://www.selenium.dev/documentation/webdriver/troubleshooting/errors#no-such-element-exception
Build info: version: '4.35.0', revision: '1c58e5028b'
System info: os.name: 'Windows 11', os.arch: 'amd64', os.version: '10.0', java.version: '23.0.2'
Driver info: org.openqa.selenium.edge.EdgeDriver
Command: [b2cee88971655afab45ee290d57ab999, findElement {using=xpath, value=//h1[normalize-space()='Your Account Has Been Created!']}]
Capabilities {acceptInsecureCerts: false, browserName: MicrosoftEdge, browserVersion: 140.0.3485.81, fedcm:accounts: true, ms:edgeOptions: {debuggerAddress: localhost:63756}, msedge: {msedgedriverVersion: 140.0.3485.81 (5f3674d4b466..., userDataDir: C:\Users\VINODR~1\AppData\L...}, networkConnectionEnabled: false, pageLoadStrategy: normal, platformName: windows, proxy: Proxy(), se:cdp: ws://localhost:63756/devtoo..., se:cdpVersion: 140.0.3485.81, setWindowRect: true, strictFileInteractability: false, timeouts: {implicit: 0, pageLoad: 300000, script: 30000}, unhandledPromptBehavior: dismiss and notify, webauthn:extension:credBlob: true, webauthn:extension:largeBlob: true, webauthn:extension:minPinLength: true, webauthn:extension:prf: true, webauthn:virtualAuthenticators: true}
Session ID: b2cee88971655afab45ee290d57ab999
	at java.base/jdk.internal.reflect.DirectConstructorHandleAccessor.newInstance(DirectConstructorHandleAccessor.java:62)
	at java.base/java.lang.reflect.Constructor.newInstanceWithCaller(Constructor.java:501)
	at java.base/java.lang.reflect.Constructor.newInstance(Constructor.java:485)
	at org.openqa.selenium.remote.ErrorCodec.decode(ErrorCodec.java:167)
	at org.openqa.selenium.remote.codec.w3c.W3CHttpResponseCodec.decode(W3CHttpResponseCodec.java:138)
	at org.openqa.selenium.remote.codec.w3c.W3CHttpResponseCodec.decode(W3CHttpResponseCodec.java:50)
	at org.openqa.selenium.remote.HttpCommandExecutor.execute(HttpCommandExecutor.java:215)
	at org.openqa.selenium.remote.service.DriverCommandExecutor.invokeExecute(DriverCommandExecutor.java:216)
	at org.openqa.selenium.remote.service.DriverCommandExecutor.execute(DriverCommandExecutor.java:174)
	at org.openqa.selenium.remote.RemoteWebDriver.execute(RemoteWebDriver.java:557)
	at org.openqa.selenium.remote.ElementLocation$ElementFinder$2.findElement(ElementLocation.java:165)
	at org.openqa.selenium.remote.ElementLocation.findElement(ElementLocation.java:59)
	at org.openqa.selenium.remote.RemoteWebDriver.findElement(RemoteWebDriver.java:380)
	at org.openqa.selenium.remote.RemoteWebDriver.findElement(RemoteWebDriver.java:374)
	at org.openqa.selenium.support.pagefactory.DefaultElementLocator.findElement(DefaultElementLocator.java:68)
	at org.openqa.selenium.support.pagefactory.internal.LocatingElementHandler.invoke(LocatingElementHandler.java:38)
	at jdk.proxy2/jdk.proxy2.$Proxy31.getText(Unknown Source)
	at pageObjects.RegisterPage.confirmsg(RegisterPage.java:84)
	at testCases.TC001_AccountRegistrationTest.registration(TC001_AccountRegistrationTest.java:42)
	at java.base/jdk.internal.reflect.DirectMethodHandleAccessor.invoke(DirectMethodHandleAccessor.java:103)
	at java.base/java.lang.reflect.Method.invoke(Method.java:580)
	at org.testng.internal.invokers.MethodInvocationHelper.invokeMethod(MethodInvocationHelper.java:141)
	at org.testng.internal.invokers.TestInvoker.invokeMethod(TestInvoker.java:687)
	at org.testng.internal.invokers.TestInvoker.invokeTestMethod(TestInvoker.java:230)
	at org.testng.internal.invokers.MethodRunner.runInSequence(MethodRunner.java:63)
	at org.testng.internal.invokers.TestInvoker$MethodInvocationAgent.invoke(TestInvoker.java:995)
	at org.testng.internal.invokers.TestInvoker.invokeTestMethods(TestInvoker.java:203)
	at org.testng.internal.invokers.TestMethodWorker.invokeTestMethods(TestMethodWorker.java:154)
	at org.testng.internal.invokers.TestMethodWorker.run(TestMethodWorker.java:134)
	at java.base/java.util.ArrayList.forEach(ArrayList.java:1597)
	at org.testng.TestRunner.privateRun(TestRunner.java:741)
	at org.testng.TestRunner.run(TestRunner.java:616)
	at org.testng.SuiteRunner.runTest(SuiteRunner.java:421)
	at org.testng.SuiteRunner.runSequentially(SuiteRunner.java:413)
	at org.testng.SuiteRunner.privateRun(SuiteRunner.java:373)
	at org.testng.SuiteRunner.run(SuiteRunner.java:312)
	at org.testng.SuiteRunnerWorker.runSuite(SuiteRunnerWorker.java:52)
	at org.testng.SuiteRunnerWorker.run(SuiteRunnerWorker.java:95)
	at org.testng.TestNG.runSuitesSequentially(TestNG.java:1274)
	at org.testng.TestNG.runSuitesLocally(TestNG.java:1208)
	at org.testng.TestNG.runSuites(TestNG.java:1112)
	at org.testng.TestNG.run(TestNG.java:1079)
	at org.testng.remote.AbstractRemoteTestNG.run(AbstractRemoteTestNG.java:115)
	at org.testng.remote.RemoteTestNG.initAndRun(RemoteTestNG.java:293)
	at org.testng.remote.RemoteTestNG.main(RemoteTestNG.java:91)
2025-09-21 20:14:41 INFO  TC001_AccountRegistrationTest:66 - ====================Finished TC01_AccountRegistrationTest====================
2025-09-21 20:45:32 INFO  TC002_LoginTest:17 - ============Starting TC_002_LoginTest==============
2025-09-21 20:45:32 INFO  TC002_LoginTest:24 - ============Clicked on login button in home page==============
2025-09-21 20:45:33 INFO  TC002_LoginTest:30 - ============Clicked on login==============
2025-09-21 20:45:46 INFO  TC001_AccountRegistrationTest:18 - =================Starting TC01_AccountRegistrationTest=======================
2025-09-21 20:45:49 INFO  TC001_AccountRegistrationTest:25 - ======Clicked on MyAccount======
2025-09-21 20:45:49 INFO  TC001_AccountRegistrationTest:28 - ======Clicked on Register link======
2025-09-21 20:45:49 INFO  TC001_AccountRegistrationTest:31 - ======Providing customer register details======
2025-09-21 20:45:50 INFO  TC001_AccountRegistrationTest:40 - ======Clicked on confirm button======
2025-09-21 20:46:00 ERROR TC001_AccountRegistrationTest:48 - An error occurred during registration process: no such element: Unable to locate element: {"method":"xpath","selector":"//h1[normalize-space()='Your Account Has Been Created!']"}
  (Session info: MicrosoftEdge=140.0.3485.81)
For documentation on this error, please visit: https://www.selenium.dev/documentation/webdriver/troubleshooting/errors#no-such-element-exception
Build info: version: '4.35.0', revision: '1c58e5028b'
System info: os.name: 'Windows 11', os.arch: 'amd64', os.version: '10.0', java.version: '23.0.2'
Driver info: org.openqa.selenium.edge.EdgeDriver
Command: [c3017e8f905b6283fc0faaafda27e62e, findElement {using=xpath, value=//h1[normalize-space()='Your Account Has Been Created!']}]
Capabilities {acceptInsecureCerts: false, browserName: MicrosoftEdge, browserVersion: 140.0.3485.81, fedcm:accounts: true, ms:edgeOptions: {debuggerAddress: localhost:61288}, msedge: {msedgedriverVersion: 140.0.3485.81 (5f3674d4b466..., userDataDir: C:\Users\VINODR~1\AppData\L...}, networkConnectionEnabled: false, pageLoadStrategy: normal, platformName: windows, proxy: Proxy(), se:cdp: ws://localhost:61288/devtoo..., se:cdpVersion: 140.0.3485.81, setWindowRect: true, strictFileInteractability: false, timeouts: {implicit: 0, pageLoad: 300000, script: 30000}, unhandledPromptBehavior: dismiss and notify, webauthn:extension:credBlob: true, webauthn:extension:largeBlob: true, webauthn:extension:minPinLength: true, webauthn:extension:prf: true, webauthn:virtualAuthenticators: true}
Session ID: c3017e8f905b6283fc0faaafda27e62e
org.openqa.selenium.NoSuchElementException: no such element: Unable to locate element: {"method":"xpath","selector":"//h1[normalize-space()='Your Account Has Been Created!']"}
  (Session info: MicrosoftEdge=140.0.3485.81)
For documentation on this error, please visit: https://www.selenium.dev/documentation/webdriver/troubleshooting/errors#no-such-element-exception
Build info: version: '4.35.0', revision: '1c58e5028b'
System info: os.name: 'Windows 11', os.arch: 'amd64', os.version: '10.0', java.version: '23.0.2'
Driver info: org.openqa.selenium.edge.EdgeDriver
Command: [c3017e8f905b6283fc0faaafda27e62e, findElement {using=xpath, value=//h1[normalize-space()='Your Account Has Been Created!']}]
Capabilities {acceptInsecureCerts: false, browserName: MicrosoftEdge, browserVersion: 140.0.3485.81, fedcm:accounts: true, ms:edgeOptions: {debuggerAddress: localhost:61288}, msedge: {msedgedriverVersion: 140.0.3485.81 (5f3674d4b466..., userDataDir: C:\Users\VINODR~1\AppData\L...}, networkConnectionEnabled: false, pageLoadStrategy: normal, platformName: windows, proxy: Proxy(), se:cdp: ws://localhost:61288/devtoo..., se:cdpVersion: 140.0.3485.81, setWindowRect: true, strictFileInteractability: false, timeouts: {implicit: 0, pageLoad: 300000, script: 30000}, unhandledPromptBehavior: dismiss and notify, webauthn:extension:credBlob: true, webauthn:extension:largeBlob: true, webauthn:extension:minPinLength: true, webauthn:extension:prf: true, webauthn:virtualAuthenticators: true}
Session ID: c3017e8f905b6283fc0faaafda27e62e
	at java.base/jdk.internal.reflect.DirectConstructorHandleAccessor.newInstance(DirectConstructorHandleAccessor.java:62)
	at java.base/java.lang.reflect.Constructor.newInstanceWithCaller(Constructor.java:501)
	at java.base/java.lang.reflect.Constructor.newInstance(Constructor.java:485)
	at org.openqa.selenium.remote.ErrorCodec.decode(ErrorCodec.java:167)
	at org.openqa.selenium.remote.codec.w3c.W3CHttpResponseCodec.decode(W3CHttpResponseCodec.java:138)
	at org.openqa.selenium.remote.codec.w3c.W3CHttpResponseCodec.decode(W3CHttpResponseCodec.java:50)
	at org.openqa.selenium.remote.HttpCommandExecutor.execute(HttpCommandExecutor.java:215)
	at org.openqa.selenium.remote.service.DriverCommandExecutor.invokeExecute(DriverCommandExecutor.java:216)
	at org.openqa.selenium.remote.service.DriverCommandExecutor.execute(DriverCommandExecutor.java:174)
	at org.openqa.selenium.remote.RemoteWebDriver.execute(RemoteWebDriver.java:557)
	at org.openqa.selenium.remote.ElementLocation$ElementFinder$2.findElement(ElementLocation.java:165)
	at org.openqa.selenium.remote.ElementLocation.findElement(ElementLocation.java:59)
	at org.openqa.selenium.remote.RemoteWebDriver.findElement(RemoteWebDriver.java:380)
	at org.openqa.selenium.remote.RemoteWebDriver.findElement(RemoteWebDriver.java:374)
	at org.openqa.selenium.support.pagefactory.DefaultElementLocator.findElement(DefaultElementLocator.java:68)
	at org.openqa.selenium.support.pagefactory.internal.LocatingElementHandler.invoke(LocatingElementHandler.java:38)
	at jdk.proxy2/jdk.proxy2.$Proxy31.isDisplayed(Unknown Source)
	at pageObjects.RegisterPage.ismsgdisplayed(RegisterPage.java:71)
	at testCases.TC001_AccountRegistrationTest.registration(TC001_AccountRegistrationTest.java:42)
	at java.base/jdk.internal.reflect.DirectMethodHandleAccessor.invoke(DirectMethodHandleAccessor.java:103)
	at java.base/java.lang.reflect.Method.invoke(Method.java:580)
	at org.testng.internal.invokers.MethodInvocationHelper.invokeMethod(MethodInvocationHelper.java:141)
	at org.testng.internal.invokers.TestInvoker.invokeMethod(TestInvoker.java:687)
	at org.testng.internal.invokers.TestInvoker.invokeTestMethod(TestInvoker.java:230)
	at org.testng.internal.invokers.MethodRunner.runInSequence(MethodRunner.java:63)
	at org.testng.internal.invokers.TestInvoker$MethodInvocationAgent.invoke(TestInvoker.java:995)
	at org.testng.internal.invokers.TestInvoker.invokeTestMethods(TestInvoker.java:203)
	at org.testng.internal.invokers.TestMethodWorker.invokeTestMethods(TestMethodWorker.java:154)
	at org.testng.internal.invokers.TestMethodWorker.run(TestMethodWorker.java:134)
	at java.base/java.util.ArrayList.forEach(ArrayList.java:1597)
	at org.testng.TestRunner.privateRun(TestRunner.java:741)
	at org.testng.TestRunner.run(TestRunner.java:616)
	at org.testng.SuiteRunner.runTest(SuiteRunner.java:421)
	at org.testng.SuiteRunner.runSequentially(SuiteRunner.java:413)
	at org.testng.SuiteRunner.privateRun(SuiteRunner.java:373)
	at org.testng.SuiteRunner.run(SuiteRunner.java:312)
	at org.testng.SuiteRunnerWorker.runSuite(SuiteRunnerWorker.java:52)
	at org.testng.SuiteRunnerWorker.run(SuiteRunnerWorker.java:95)
	at org.testng.TestNG.runSuitesSequentially(TestNG.java:1274)
	at org.testng.TestNG.runSuitesLocally(TestNG.java:1208)
	at org.testng.TestNG.runSuites(TestNG.java:1112)
	at org.testng.TestNG.run(TestNG.java:1079)
	at org.testng.remote.AbstractRemoteTestNG.run(AbstractRemoteTestNG.java:115)
	at org.testng.remote.RemoteTestNG.initAndRun(RemoteTestNG.java:293)
	at org.testng.remote.RemoteTestNG.main(RemoteTestNG.java:91)
2025-09-21 20:46:00 INFO  TC001_AccountRegistrationTest:55 - ====================Finished TC01_AccountRegistrationTest====================
2025-09-21 20:48:17 INFO  TC002_LoginTest:17 - ============Starting TC_002_LoginTest==============
2025-09-21 20:48:18 INFO  TC002_LoginTest:24 - ============Clicked on login button in home page==============
2025-09-21 20:48:19 INFO  TC002_LoginTest:30 - ============Clicked on login==============
2025-09-21 20:48:32 INFO  TC001_AccountRegistrationTest:18 - =================Starting TC01_AccountRegistrationTest=======================
2025-09-21 20:48:35 INFO  TC001_AccountRegistrationTest:25 - ======Clicked on MyAccount======
2025-09-21 20:48:36 INFO  TC001_AccountRegistrationTest:28 - ======Clicked on Register link======
2025-09-21 20:48:36 INFO  TC001_AccountRegistrationTest:31 - ======Providing customer register details======
2025-09-21 20:48:37 INFO  TC001_AccountRegistrationTest:40 - ======Clicked on confirm button======
2025-09-21 20:50:49 INFO  TC002_LoginTest:17 - ============Starting TC_002_LoginTest==============
2025-09-21 20:50:49 INFO  TC002_LoginTest:24 - ============Clicked on login button in home page==============
2025-09-21 20:50:49 INFO  TC002_LoginTest:30 - ============Clicked on login==============
2025-09-21 20:50:50 INFO  TC002_LoginTest:43 - ============Finished TC_002_LoginTest==============
2025-09-21 20:50:53 INFO  TC001_AccountRegistrationTest:18 - =================Starting TC01_AccountRegistrationTest=======================
2025-09-21 20:50:56 INFO  TC001_AccountRegistrationTest:25 - ======Clicked on MyAccount======
2025-09-21 20:50:56 INFO  TC001_AccountRegistrationTest:28 - ======Clicked on Register link======
2025-09-21 20:50:56 INFO  TC001_AccountRegistrationTest:31 - ======Providing customer register details======
2025-09-21 20:50:58 INFO  TC001_AccountRegistrationTest:40 - ======Clicked on confirm button======
2025-09-21 20:52:19 DEBUG PackageRelationshipCollection:307 - Parsing relationship: /xl/_rels/workbook.xml.rels
2025-09-21 20:52:19 DEBUG PackageRelationshipCollection:307 - Parsing relationship: /xl/worksheets/_rels/sheet1.xml.rels
2025-09-21 20:52:19 DEBUG PackageRelationshipCollection:307 - Parsing relationship: /_rels/.rels
2025-09-21 20:52:19 DEBUG POIXMLFactory:65 - using default POIXMLDocumentPart for http://schemas.openxmlformats.org/officeDocument/2006/relationships/printerSettings
2025-09-21 20:52:19 DEBUG PackageRelationshipCollection:307 - Parsing relationship: /xl/_rels/workbook.xml.rels
2025-09-21 20:52:19 DEBUG PackageRelationshipCollection:307 - Parsing relationship: /xl/worksheets/_rels/sheet1.xml.rels
2025-09-21 20:52:19 DEBUG PackageRelationshipCollection:307 - Parsing relationship: /_rels/.rels
2025-09-21 20:52:19 DEBUG POIXMLFactory:65 - using default POIXMLDocumentPart for http://schemas.openxmlformats.org/officeDocument/2006/relationships/printerSettings
2025-09-21 20:52:19 DEBUG PackageRelationshipCollection:307 - Parsing relationship: /xl/_rels/workbook.xml.rels
2025-09-21 20:52:19 DEBUG PackageRelationshipCollection:307 - Parsing relationship: /xl/worksheets/_rels/sheet1.xml.rels
2025-09-21 20:52:19 DEBUG PackageRelationshipCollection:307 - Parsing relationship: /_rels/.rels
2025-09-21 20:52:19 DEBUG POIXMLFactory:65 - using default POIXMLDocumentPart for http://schemas.openxmlformats.org/officeDocument/2006/relationships/printerSettings
2025-09-21 20:52:19 DEBUG PackageRelationshipCollection:307 - Parsing relationship: /xl/_rels/workbook.xml.rels
2025-09-21 20:52:19 DEBUG PackageRelationshipCollection:307 - Parsing relationship: /xl/worksheets/_rels/sheet1.xml.rels
2025-09-21 20:52:19 DEBUG PackageRelationshipCollection:307 - Parsing relationship: /_rels/.rels
2025-09-21 20:52:19 DEBUG POIXMLFactory:65 - using default POIXMLDocumentPart for http://schemas.openxmlformats.org/officeDocument/2006/relationships/printerSettings
2025-09-21 20:52:19 DEBUG PackageRelationshipCollection:307 - Parsing relationship: /xl/_rels/workbook.xml.rels
2025-09-21 20:52:19 DEBUG PackageRelationshipCollection:307 - Parsing relationship: /xl/worksheets/_rels/sheet1.xml.rels
2025-09-21 20:52:19 DEBUG PackageRelationshipCollection:307 - Parsing relationship: /_rels/.rels
2025-09-21 20:52:19 DEBUG POIXMLFactory:65 - using default POIXMLDocumentPart for http://schemas.openxmlformats.org/officeDocument/2006/relationships/printerSettings
2025-09-21 20:52:19 DEBUG PackageRelationshipCollection:307 - Parsing relationship: /xl/_rels/workbook.xml.rels
2025-09-21 20:52:19 DEBUG PackageRelationshipCollection:307 - Parsing relationship: /xl/worksheets/_rels/sheet1.xml.rels
2025-09-21 20:52:19 DEBUG PackageRelationshipCollection:307 - Parsing relationship: /_rels/.rels
2025-09-21 20:52:19 DEBUG POIXMLFactory:65 - using default POIXMLDocumentPart for http://schemas.openxmlformats.org/officeDocument/2006/relationships/printerSettings
2025-09-21 20:52:19 DEBUG PackageRelationshipCollection:307 - Parsing relationship: /xl/_rels/workbook.xml.rels
2025-09-21 20:52:19 DEBUG PackageRelationshipCollection:307 - Parsing relationship: /xl/worksheets/_rels/sheet1.xml.rels
2025-09-21 20:52:19 DEBUG PackageRelationshipCollection:307 - Parsing relationship: /_rels/.rels
2025-09-21 20:52:19 DEBUG POIXMLFactory:65 - using default POIXMLDocumentPart for http://schemas.openxmlformats.org/officeDocument/2006/relationships/printerSettings
2025-09-21 20:52:19 DEBUG PackageRelationshipCollection:307 - Parsing relationship: /xl/_rels/workbook.xml.rels
2025-09-21 20:52:19 DEBUG PackageRelationshipCollection:307 - Parsing relationship: /xl/worksheets/_rels/sheet1.xml.rels
2025-09-21 20:52:19 DEBUG PackageRelationshipCollection:307 - Parsing relationship: /_rels/.rels
2025-09-21 20:52:19 DEBUG POIXMLFactory:65 - using default POIXMLDocumentPart for http://schemas.openxmlformats.org/officeDocument/2006/relationships/printerSettings
2025-09-21 20:52:19 DEBUG PackageRelationshipCollection:307 - Parsing relationship: /xl/_rels/workbook.xml.rels
2025-09-21 20:52:19 DEBUG PackageRelationshipCollection:307 - Parsing relationship: /xl/worksheets/_rels/sheet1.xml.rels
2025-09-21 20:52:19 DEBUG PackageRelationshipCollection:307 - Parsing relationship: /_rels/.rels
2025-09-21 20:52:19 DEBUG POIXMLFactory:65 - using default POIXMLDocumentPart for http://schemas.openxmlformats.org/officeDocument/2006/relationships/printerSettings
2025-09-21 20:52:20 DEBUG PackageRelationshipCollection:307 - Parsing relationship: /xl/_rels/workbook.xml.rels
2025-09-21 20:52:20 DEBUG PackageRelationshipCollection:307 - Parsing relationship: /xl/worksheets/_rels/sheet1.xml.rels
2025-09-21 20:52:20 DEBUG PackageRelationshipCollection:307 - Parsing relationship: /_rels/.rels
2025-09-21 20:52:20 DEBUG POIXMLFactory:65 - using default POIXMLDocumentPart for http://schemas.openxmlformats.org/officeDocument/2006/relationships/printerSettings
2025-09-21 20:52:20 DEBUG PackageRelationshipCollection:307 - Parsing relationship: /xl/_rels/workbook.xml.rels
2025-09-21 20:52:20 DEBUG PackageRelationshipCollection:307 - Parsing relationship: /xl/worksheets/_rels/sheet1.xml.rels
2025-09-21 20:52:20 DEBUG PackageRelationshipCollection:307 - Parsing relationship: /_rels/.rels
2025-09-21 20:52:20 DEBUG POIXMLFactory:65 - using default POIXMLDocumentPart for http://schemas.openxmlformats.org/officeDocument/2006/relationships/printerSettings
2025-09-21 20:52:20 DEBUG PackageRelationshipCollection:307 - Parsing relationship: /xl/_rels/workbook.xml.rels
2025-09-21 20:52:20 DEBUG PackageRelationshipCollection:307 - Parsing relationship: /xl/worksheets/_rels/sheet1.xml.rels
2025-09-21 20:52:20 DEBUG PackageRelationshipCollection:307 - Parsing relationship: /_rels/.rels
2025-09-21 20:52:20 DEBUG POIXMLFactory:65 - using default POIXMLDocumentPart for http://schemas.openxmlformats.org/officeDocument/2006/relationships/printerSettings
2025-09-21 20:52:20 DEBUG PackageRelationshipCollection:307 - Parsing relationship: /xl/_rels/workbook.xml.rels
2025-09-21 20:52:20 DEBUG PackageRelationshipCollection:307 - Parsing relationship: /xl/worksheets/_rels/sheet1.xml.rels
2025-09-21 20:52:20 DEBUG PackageRelationshipCollection:307 - Parsing relationship: /_rels/.rels
2025-09-21 20:52:20 DEBUG POIXMLFactory:65 - using default POIXMLDocumentPart for http://schemas.openxmlformats.org/officeDocument/2006/relationships/printerSettings
2025-09-21 20:52:20 DEBUG PackageRelationshipCollection:307 - Parsing relationship: /xl/_rels/workbook.xml.rels
2025-09-21 20:52:20 DEBUG PackageRelationshipCollection:307 - Parsing relationship: /xl/worksheets/_rels/sheet1.xml.rels
2025-09-21 20:52:20 DEBUG PackageRelationshipCollection:307 - Parsing relationship: /_rels/.rels
2025-09-21 20:52:20 DEBUG POIXMLFactory:65 - using default POIXMLDocumentPart for http://schemas.openxmlformats.org/officeDocument/2006/relationships/printerSettings
2025-09-21 20:52:20 INFO  TC003_LoginTesttDDT:21 - ==========Starting TC03_LoginTestDDT=============
2025-09-21 20:52:31 INFO  TC003_LoginTesttDDT:79 - ==========Ending TC03_LoginTestDDT=============
2025-09-21 20:52:31 INFO  TC003_LoginTesttDDT:21 - ==========Starting TC03_LoginTestDDT=============
2025-09-21 20:52:42 INFO  TC003_LoginTesttDDT:79 - ==========Ending TC03_LoginTestDDT=============
2025-09-21 20:52:42 INFO  TC003_LoginTesttDDT:21 - ==========Starting TC03_LoginTestDDT=============
2025-09-21 20:52:53 INFO  TC003_LoginTesttDDT:79 - ==========Ending TC03_LoginTestDDT=============
2025-09-21 20:52:53 INFO  TC003_LoginTesttDDT:21 - ==========Starting TC03_LoginTestDDT=============
2025-09-21 20:52:55 INFO  TC003_LoginTesttDDT:79 - ==========Ending TC03_LoginTestDDT=============
2025-09-21 22:00:47 INFO  TC002_LoginTest:17 - ============Starting TC_002_LoginTest==============
2025-09-21 22:00:48 INFO  TC002_LoginTest:24 - ============Clicked on login button in home page==============
2025-09-21 22:00:49 INFO  TC002_LoginTest:30 - ============Clicked on login==============
2025-09-21 22:00:49 INFO  TC002_LoginTest:43 - ============Finished TC_002_LoginTest==============
2025-09-21 22:01:02 INFO  TC001_AccountRegistrationTest:18 - =================Starting TC01_AccountRegistrationTest=======================
2025-09-21 22:01:05 INFO  TC001_AccountRegistrationTest:25 - ======Clicked on MyAccount======
2025-09-21 22:01:07 INFO  TC001_AccountRegistrationTest:28 - ======Clicked on Register link======
2025-09-21 22:01:07 INFO  TC001_AccountRegistrationTest:31 - ======Providing customer register details======
2025-09-21 22:01:08 INFO  TC001_AccountRegistrationTest:40 - ======Clicked on confirm button======
2025-09-21 22:01:09 INFO  TC001_AccountRegistrationTest:48 - ====================Finished TC01_AccountRegistrationTest====================
2025-09-21 22:03:13 INFO  TC002_LoginTest:17 - ============Starting TC_002_LoginTest==============
2025-09-21 22:03:14 INFO  TC002_LoginTest:24 - ============Clicked on login button in home page==============
2025-09-21 22:03:14 INFO  TC002_LoginTest:30 - ============Clicked on login==============
2025-09-21 22:03:15 INFO  TC002_LoginTest:43 - ============Finished TC_002_LoginTest==============
2025-09-21 22:03:17 INFO  TC001_AccountRegistrationTest:18 - =================Starting TC01_AccountRegistrationTest=======================
2025-09-21 22:03:20 INFO  TC001_AccountRegistrationTest:25 - ======Clicked on MyAccount======
2025-09-21 22:03:21 INFO  TC001_AccountRegistrationTest:28 - ======Clicked on Register link======
2025-09-21 22:03:21 INFO  TC001_AccountRegistrationTest:31 - ======Providing customer register details======
2025-09-21 22:03:23 INFO  TC001_AccountRegistrationTest:40 - ======Clicked on confirm button======
2025-09-21 22:03:23 INFO  TC001_AccountRegistrationTest:48 - ====================Finished TC01_AccountRegistrationTest====================
2025-09-21 22:31:16 INFO  TC002_LoginTest:17 - ============Starting TC_002_LoginTest==============
2025-09-21 22:31:17 INFO  TC002_LoginTest:24 - ============Clicked on login button in home page==============
2025-09-21 22:31:18 INFO  TC002_LoginTest:30 - ============Clicked on login==============
2025-09-21 22:31:18 INFO  TC002_LoginTest:43 - ============Finished TC_002_LoginTest==============
2025-09-21 22:31:29 INFO  TC001_AccountRegistrationTest:18 - =================Starting TC01_AccountRegistrationTest=======================
2025-09-21 22:31:32 INFO  TC001_AccountRegistrationTest:25 - ======Clicked on MyAccount======
2025-09-21 22:31:35 INFO  TC001_AccountRegistrationTest:28 - ======Clicked on Register link======
2025-09-21 22:31:35 INFO  TC001_AccountRegistrationTest:31 - ======Providing customer register details======
2025-09-21 22:31:36 INFO  TC001_AccountRegistrationTest:40 - ======Clicked on confirm button======
2025-09-21 22:31:37 INFO  TC001_AccountRegistrationTest:48 - ====================Finished TC01_AccountRegistrationTest====================
